 ========================>     TALLY 3: FLUX3     <=========================

 Material 3
   Total Material
     Flux                                 0.364383 +/- 0.0239109
 ========================>     TALLY 5: FLUX5     <=========================

 Material 5
   Total Material
     Flux                                 0.715161 +/- 0.016497
 ========================>     TALLY 7: FLUX7     <=========================

 Material 7
   Total Material
     Flux                                 0.957603 +/- 0.0208925
 ========================>     TALLY 9: FLUX9     <=========================

 Material 9
   Total Material
     Flux                                 1.11127 +/- 0.0124174
 =======================>     TALLY 11: FLUX11     <========================

 Material 11
   Total Material
     Flux                                 1.11243 +/- 0.0243283
 =======================>     TALLY 13: FLUX13     <========================

 Material 13
   Total Material
     Flux                                 1.05662 +/- 0.0188828
 =======================>     TALLY 15: FLUX15     <========================

 Material 15
   Total Material
     Flux                                 0.917602 +/- 0.020115
 =======================>     TALLY 17: FLUX17     <========================

 Material 17
   Total Material
     Flux                                 0.802935 +/- 0.0169063
 =======================>     TALLY 19: FLUX19     <========================

 Material 19
   Total Material
     Flux                                 0.851812 +/- 0.0158874
 =======================>     TALLY 21: FLUX21     <========================

 Material 21
   Total Material
     Flux                                 0.995908 +/- 0.012535
 =======================>     TALLY 23: FLUX23     <========================

 Material 23
   Total Material
     Flux                                 1.05926 +/- 0.00640093
 =======================>     TALLY 25: FLUX25     <========================

 Material 25
   Total Material
     Flux                                 1.02068 +/- 0.0300749
 =======================>     TALLY 27: FLUX27     <========================

 Material 27
   Total Material
     Flux                                 1.13525 +/- 0.0190976
 =======================>     TALLY 29: FLUX29     <========================

 Material 29
   Total Material
     Flux                                 0.961562 +/- 0.0163246
 =======================>     TALLY 31: FLUX31     <========================

 Material 31
   Total Material
     Flux                                 0.677076 +/- 0.0243788
 =======================>     TALLY 33: FLUX33     <========================

 Material 33
   Total Material
     Flux                                 0.311334 +/- 0.0101492
